Arguments: 
  /usr/local/bin/node /usr/local/Cellar/yarn/1.19.0/libexec/bin/yarn.js

PATH: 
  /Users/angelocarlotto/.zplugin/polaris/bin:/usr/local/bin:/usr/bin:/bin:/usr/sbin:/sbin:/Library/Apple/usr/bin:/Library/Apple/bin:/usr/local/share/dotnet:~/.dotnet/tools:/Library/Frameworks/Mono.framework/Versions/Current/Commands:/Applications/Xamarin Workbooks.app/Contents/SharedSupport/path-bin:/Users/angelocarlotto/.zplugin/polaris/bin

Yarn version: 
  1.19.0

Node version: 
  10.16.2

Platform: 
  darwin x64

Trace: 
  SyntaxError: /Users/angelocarlotto/Documents/gostack/Gympoint/package.json: Unexpected end of JSON input
      at JSON.parse (<anonymous>)
      at /usr/local/Cellar/yarn/1.19.0/libexec/lib/cli.js:1625:59
      at Generator.next (<anonymous>)
      at step (/usr/local/Cellar/yarn/1.19.0/libexec/lib/cli.js:304:30)
      at /usr/local/Cellar/yarn/1.19.0/libexec/lib/cli.js:315:13

npm manifest: 
  {
    "name": "Gympoint",
    "version": "1.0.0",
    "main": "index.js",
    "license": "MIT",
    "scripts": {
      "dev": "nodemon src/server.js",
      "dev:debug": "nodemon --inspect src/server.js"
    },
    "dependencies": {
      "bcryptjs": "^2.4.3",
      "express": "^4.17.1",
      "jsonwebtoken": "^8.5.1",
      "pg": "^7.12.1",
      "pg-hstore": "^2.3.3",
      "sequelize": "^5.21.2",
      "yup": "^0.27.0"
    },
    "devDependencies": {
      "eslint": "^6.6.0",
      "eslint-config-airbnb-base": "^14.0.0",
      "eslint-config-prettier": "^6.5.0",
      "eslint-plugin-import": "^2.18.2",
      "eslint-plugin-prettier": "^3.1.1",
      "nodemon": "^1.19.4",
      "prettier": "^1.18.2",
      "sequelize-cli": "^5.5.1",
      "sucrase": "^3.10.1"
    }

yarn manifest: 
  No manifest

Lockfile: 
  No lockfile
